<?xml version="1.0" encoding="UTF-8"?>
<!-- Generated by org.testng.reporters.JUnitReportReporter -->
<testsuite hostname="Malikas-MacBook-Air.local" failures="0" tests="1" name="Test" time="7.125" errors="0" timestamp="24 Dec 2024 07:25:23 GMT" skipped="0">
  <testcase classname="Test" name="test" time="7.125"/>
</testsuite> <!-- Test -->
